<?xml version="1.0" encoding="UTF-8"?>
<testng-results ignored="0" total="3" passed="3" failed="0" skipped="0">
  <reporter-output>
  </reporter-output>
  <suite started-at="2024-11-08T11:45:13 IST" name="Default suite" finished-at="2024-11-08T11:46:45 IST" duration-ms="91820">
    <groups>
      <group name="cucumber">
        <method signature="AbstractTestNGCucumberTests.runScenario(io.cucumber.testng.PickleWrapper,io.cucumber.testng.FeatureWrapper)[pri:0, instance:cucumber.testRunner.TestRunner@55182842]" name="runScenario" class="io.cucumber.testng.AbstractTestNGCucumberTests"/>
      </group> <!-- cucumber -->
    </groups>
    <test started-at="2024-11-08T11:45:13 IST" name="Default test" finished-at="2024-11-08T11:46:45 IST" duration-ms="91820">
      <class name="cucumber.testRunner.TestRunner">
        <test-method is-config="true" signature="setUpClass(org.testng.ITestContext)[pri:0, instance:cucumber.testRunner.TestRunner@55182842]" started-at="2024-11-08T11:45:13 IST" name="setUpClass" finished-at="2024-11-08T11:45:14 IST" duration-ms="791" status="PASS">
          <params>
            <param index="0">
              <value>
                <![CDATA[org.testng.TestRunner@432b883]]>
              </value>
            </param>
          </params>
          <reporter-output>
          </reporter-output>
        </test-method> <!-- setUpClass -->
        <test-method signature="runScenario(io.cucumber.testng.PickleWrapper,io.cucumber.testng.FeatureWrapper)[pri:0, instance:cucumber.testRunner.TestRunner@55182842]" started-at="2024-11-08T11:45:14 IST" name="runScenario" description="Runs Cucumber Scenarios" data-provider="scenarios" finished-at="2024-11-08T11:45:33 IST" duration-ms="19236" status="PASS">
          <params>
            <param index="0">
              <value>
                <![CDATA["Validating car loan calculation"]]>
              </value>
            </param>
            <param index="1">
              <value>
                <![CDATA["Optional[Car Loan]"]]>
              </value>
            </param>
          </params>
          <reporter-output>
          </reporter-output>
        </test-method> <!-- runScenario -->
        <test-method signature="runScenario(io.cucumber.testng.PickleWrapper,io.cucumber.testng.FeatureWrapper)[pri:0, instance:cucumber.testRunner.TestRunner@55182842]" started-at="2024-11-08T11:45:33 IST" name="runScenario" description="Runs Cucumber Scenarios" data-provider="scenarios" finished-at="2024-11-08T11:45:56 IST" duration-ms="22558" status="PASS">
          <params>
            <param index="0">
              <value>
                <![CDATA["Reading Home Loan Details"]]>
              </value>
            </param>
            <param index="1">
              <value>
                <![CDATA["Optional[Home Loan]"]]>
              </value>
            </param>
          </params>
          <reporter-output>
          </reporter-output>
        </test-method> <!-- runScenario -->
        <test-method signature="runScenario(io.cucumber.testng.PickleWrapper,io.cucumber.testng.FeatureWrapper)[pri:0, instance:cucumber.testRunner.TestRunner@55182842]" started-at="2024-11-08T11:45:56 IST" name="runScenario" description="Runs Cucumber Scenarios" data-provider="scenarios" finished-at="2024-11-08T11:46:45 IST" duration-ms="48911" status="PASS">
          <params>
            <param index="0">
              <value>
                <![CDATA["Validating Calculator Page UserInterface"]]>
              </value>
            </param>
            <param index="1">
              <value>
                <![CDATA["Optional[Validating userInterface]"]]>
              </value>
            </param>
          </params>
          <reporter-output>
          </reporter-output>
        </test-method> <!-- runScenario -->
        <test-method is-config="true" signature="tearDownClass()[pri:0, instance:cucumber.testRunner.TestRunner@55182842]" started-at="2024-11-08T11:46:45 IST" name="tearDownClass" finished-at="2024-11-08T11:46:45 IST" duration-ms="289" status="PASS">
          <reporter-output>
          </reporter-output>
        </test-method> <!-- tearDownClass -->
      </class> <!-- cucumber.testRunner.TestRunner -->
    </test> <!-- Default test -->
  </suite> <!-- Default suite -->
</testng-results>
